0 info it worked if it ends with ok
1 verbose cli [ 'C:\\Program Files\\nodejs\\node.exe',
1 verbose cli   'C:\\Users\\Hamid\\AppData\\Roaming\\npm\\node_modules\\npm\\bin\\npm-cli.js',
1 verbose cli   'run',
1 verbose cli   'watch-css' ]
2 info using npm@4.0.3
3 info using node@v6.9.1
4 verbose run-script [ 'prewatch-css', 'watch-css', 'postwatch-css' ]
5 info lifecycle Zoha-To-Do@0.1.0~prewatch-css: Zoha-To-Do@0.1.0
6 silly lifecycle Zoha-To-Do@0.1.0~prewatch-css: no script for prewatch-css, continuing
7 info lifecycle Zoha-To-Do@0.1.0~watch-css: Zoha-To-Do@0.1.0
8 verbose lifecycle Zoha-To-Do@0.1.0~watch-css: unsafe-perm in lifecycle true
9 verbose lifecycle Zoha-To-Do@0.1.0~watch-css: PATH: C:\Users\Hamid\AppData\Roaming\npm\node_modules\npm\bin\node-gyp-bin;H:\Redux -Todo\Zoha To-do\node_modules\.bin;C:\Ruby23-x64\bin;C:\ProgramData\Oracle\Java\javapath;C:\Windows\system32;C:\Windows\system32;C:\Windows;C:\Windows\System32\Wbem;C:\Windows\System32\WindowsPowerShell\v1.0\;C:\Program Files (x86)\AMD\ATI.ACE\Core-Static;C:\E20-II\Enviro;C:\Program Files (x86)\Smart Projects\IsoBuster;E:\Program Files (x86)\Smart Projects\IsoBuster;C:\wamp\bin\php\php5.5.12;E:\Program Files\AMD\ATI.ACE\Core-Static;C:\Program Files\nodejs\;C:\Program Files (x86)\QuickTime\QTSystem\;C:\Program Files\Sublime Text 3;C:\Users\Hamid\AppData\Local\atom\bin;C:\Users\Hamid\AppData\Roaming\npm
10 verbose lifecycle Zoha-To-Do@0.1.0~watch-css: CWD: H:\Redux -Todo\Zoha To-do
11 silly lifecycle Zoha-To-Do@0.1.0~watch-css: Args: [ '/d /s /c', 'nodemon -e scss -x "npm run build-css"' ]
12 silly lifecycle Zoha-To-Do@0.1.0~watch-css: Returned: code: 3221225786  signal: null
13 info lifecycle Zoha-To-Do@0.1.0~watch-css: Failed to exec watch-css script
14 verbose stack Error: Zoha-To-Do@0.1.0 watch-css: `nodemon -e scss -x "npm run build-css"`
14 verbose stack Exit status 3221225786
14 verbose stack     at EventEmitter.<anonymous> (C:\Users\Hamid\AppData\Roaming\npm\node_modules\npm\lib\utils\lifecycle.js:279:16)
14 verbose stack     at emitTwo (events.js:106:13)
14 verbose stack     at EventEmitter.emit (events.js:191:7)
14 verbose stack     at ChildProcess.<anonymous> (C:\Users\Hamid\AppData\Roaming\npm\node_modules\npm\lib\utils\spawn.js:40:14)
14 verbose stack     at emitTwo (events.js:106:13)
14 verbose stack     at ChildProcess.emit (events.js:191:7)
14 verbose stack     at maybeClose (internal/child_process.js:877:16)
14 verbose stack     at Process.ChildProcess._handle.onexit (internal/child_process.js:226:5)
15 verbose pkgid Zoha-To-Do@0.1.0
16 verbose cwd H:\Redux -Todo\Zoha To-do
17 error Windows_NT 6.1.7601
18 error argv "C:\\Program Files\\nodejs\\node.exe" "C:\\Users\\Hamid\\AppData\\Roaming\\npm\\node_modules\\npm\\bin\\npm-cli.js" "run" "watch-css"
19 error node v6.9.1
20 error npm  v4.0.3
21 error code ELIFECYCLE
22 error Zoha-To-Do@0.1.0 watch-css: `nodemon -e scss -x "npm run build-css"`
22 error Exit status 3221225786
23 error Failed at the Zoha-To-Do@0.1.0 watch-css script 'nodemon -e scss -x "npm run build-css"'.
23 error Make sure you have the latest version of node.js and npm installed.
23 error If you do, this is most likely a problem with the Zoha-To-Do package,
23 error not with npm itself.
23 error Tell the author that this fails on your system:
23 error     nodemon -e scss -x "npm run build-css"
23 error You can get information on how to open an issue for this project with:
23 error     npm bugs Zoha-To-Do
23 error Or if that isn't available, you can get their info via:
23 error     npm owner ls Zoha-To-Do
23 error There is likely additional logging output above.
24 verbose exit [ 1, true ]
